<?xml version="1.0" encoding="UTF-8"?>
<!-- Generated by org.testng.reporters.JUnitReportReporter -->
<testsuite skipped="1" hostname="SON04601" name="qa.mobile.Test1" tests="3" failures="0" timestamp="2020-04-20T11:33:22 EDT" time="12.669" errors="0">
  <testcase name="validSignIn" time="5.748" classname="qa.mobile.Test1"/>
  <system-out/>
  <testcase name="invalidSignIn" time="6.921" classname="qa.mobile.Test1"/>
  <system-out/>
  <testcase name="createAccount" classname="qa.mobile.Test1">
    <skipped/>
  </testcase> <!-- createAccount -->
  <system-out/>
</testsuite> <!-- qa.mobile.Test1 -->
