<?xml version="1.0" encoding="UTF-8"?>
<!-- Generated by org.testng.reporters.JUnitReportReporter -->
<testsuite skipped="0" hostname="SON04601" name="qa.mobile.Test1" tests="1" failures="0" timestamp="2020-04-15T19:08:06 EDT" time="21.104" errors="0">
  <testcase name="register" time="21.104" classname="qa.mobile.Test1"/>
  <system-out/>
</testsuite> <!-- qa.mobile.Test1 -->
